<?xml version="1.0" encoding="UTF-8"?>
<!-- Generated by org.testng.reporters.JUnitReportReporter -->
<testsuite skipped="0" hostname="DESKTOP-GQHFCVM" name="script.TestLoginLogout" tests="1" failures="0" timestamp="01 Oct 2018 06:47:21 GMT" time="10.981" errors="0">
  <testcase name="testLoginLogout" time="10.981" classname="script.TestLoginLogout"/>
</testsuite> <!-- script.TestLoginLogout -->
