<?xml version="1.0" encoding="UTF-8"?>
<!-- Generated by org.testng.reporters.JUnitReportReporter -->
<testsuite skipped="0" hostname="DESKTOP-GQHFCVM" name="script.TestDemo2" tests="1" failures="0" timestamp="01 Oct 2018 06:45:13 GMT" time="6.618" errors="0">
  <testcase name="testB" time="6.618" classname="script.TestDemo2"/>
</testsuite> <!-- script.TestDemo2 -->
